{"/Users/cgokey/Developer/nasa/kms/serverless/src/shared/XmlMetadataPathEditor.js": {"path":"/Users/cgokey/Developer/nasa/kms/serverless/src/shared/XmlMetadataPathEditor.js","statementMap":{"0":{"start":{"line":4,"column":24},"end":{"line":4,"column":64}},"1":{"start":{"line":5,"column":21},"end":{"line":5,"column":22}},"2":{"start":{"line":6,"column":35},"end":{"line":6,"column":80}},"3":{"start":{"line":15,"column":19},"end":{"line":15,"column":79}},"4":{"start":{"line":15,"column":31},"end":{"line":15,"column":78}},"5":{"start":{"line":29,"column":29},"end":{"line":35,"column":1}},"6":{"start":{"line":29,"column":57},"end":{"line":35,"column":1}},"7":{"start":{"line":30,"column":35},"end":{"line":33,"column":3}},"8":{"start":{"line":44,"column":33},"end":{"line":45,"column":48}},"9":{"start":{"line":44,"column":52},"end":{"line":45,"column":48}},"10":{"start":{"line":45,"column":19},"end":{"line":45,"column":47}},"11":{"start":{"line":54,"column":29},"end":{"line":66,"column":1}},"12":{"start":{"line":55,"column":25},"end":{"line":57,"column":38}},"13":{"start":{"line":56,"column":20},"end":{"line":56,"column":37}},"14":{"start":{"line":57,"column":21},"end":{"line":57,"column":37}},"15":{"start":{"line":59,"column":2},"end":{"line":61,"column":3}},"16":{"start":{"line":60,"column":4},"end":{"line":60,"column":25}},"17":{"start":{"line":63,"column":2},"end":{"line":65,"column":44}},"18":{"start":{"line":64,"column":20},"end":{"line":64,"column":37}},"19":{"start":{"line":65,"column":21},"end":{"line":65,"column":37}},"20":{"start":{"line":79,"column":33},"end":{"line":82,"column":1}},"21":{"start":{"line":79,"column":49},"end":{"line":82,"column":1}},"22":{"start":{"line":103,"column":38},"end":{"line":112,"column":1}},"23":{"start":{"line":103,"column":78},"end":{"line":112,"column":1}},"24":{"start":{"line":104,"column":25},"end":{"line":111,"column":3}},"25":{"start":{"line":173,"column":4},"end":{"line":173,"column":74}},"26":{"start":{"line":187,"column":4},"end":{"line":187,"column":88}},"27":{"start":{"line":203,"column":4},"end":{"line":204,"column":56}},"28":{"start":{"line":204,"column":24},"end":{"line":204,"column":55}},"29":{"start":{"line":218,"column":4},"end":{"line":219,"column":57}},"30":{"start":{"line":219,"column":25},"end":{"line":219,"column":56}},"31":{"start":{"line":233,"column":4},"end":{"line":234,"column":58}},"32":{"start":{"line":234,"column":23},"end":{"line":234,"column":49}},"33":{"start":{"line":249,"column":4},"end":{"line":253,"column":14}},"34":{"start":{"line":252,"column":8},"end":{"line":252,"column":77}},"35":{"start":{"line":263,"column":4},"end":{"line":263,"column":70}},"36":{"start":{"line":279,"column":24},"end":{"line":279,"column":62}},"37":{"start":{"line":280,"column":4},"end":{"line":282,"column":5}},"38":{"start":{"line":281,"column":6},"end":{"line":281,"column":24}},"39":{"start":{"line":284,"column":17},"end":{"line":284,"column":47}},"40":{"start":{"line":285,"column":4},"end":{"line":287,"column":5}},"41":{"start":{"line":286,"column":6},"end":{"line":286,"column":17}},"42":{"start":{"line":289,"column":45},"end":{"line":289,"column":86}},"43":{"start":{"line":290,"column":26},"end":{"line":290,"column":73}},"44":{"start":{"line":292,"column":4},"end":{"line":294,"column":5}},"45":{"start":{"line":293,"column":6},"end":{"line":293,"column":17}},"46":{"start":{"line":296,"column":4},"end":{"line":299,"column":5}},"47":{"start":{"line":297,"column":32},"end":{"line":297,"column":83}},"48":{"start":{"line":313,"column":4},"end":{"line":313,"column":40}},"49":{"start":{"line":328,"column":4},"end":{"line":330,"column":5}},"50":{"start":{"line":329,"column":6},"end":{"line":329,"column":77}},"51":{"start":{"line":332,"column":4},"end":{"line":332,"column":70}},"52":{"start":{"line":348,"column":4},"end":{"line":350,"column":5}},"53":{"start":{"line":349,"column":6},"end":{"line":349,"column":17}},"54":{"start":{"line":352,"column":4},"end":{"line":356,"column":7}},"55":{"start":{"line":374,"column":4},"end":{"line":374,"column":77}},"56":{"start":{"line":374,"column":41},"end":{"line":374,"column":76}},"57":{"start":{"line":390,"column":4},"end":{"line":393,"column":11}},"58":{"start":{"line":390,"column":67},"end":{"line":393,"column":5}},"59":{"start":{"line":406,"column":4},"end":{"line":408,"column":5}},"60":{"start":{"line":407,"column":6},"end":{"line":407,"column":39}},"61":{"start":{"line":423,"column":26},"end":{"line":423,"column":67}},"62":{"start":{"line":424,"column":4},"end":{"line":426,"column":5}},"63":{"start":{"line":425,"column":6},"end":{"line":425,"column":26}},"64":{"start":{"line":428,"column":18},"end":{"line":428,"column":59}},"65":{"start":{"line":429,"column":4},"end":{"line":429,"column":27}},"66":{"start":{"line":431,"column":4},"end":{"line":431,"column":16}},"67":{"start":{"line":449,"column":4},"end":{"line":451,"column":98}},"68":{"start":{"line":451,"column":40},"end":{"line":451,"column":91}},"69":{"start":{"line":465,"column":4},"end":{"line":465,"column":32}},"70":{"start":{"line":466,"column":4},"end":{"line":466,"column":62}},"71":{"start":{"line":481,"column":4},"end":{"line":489,"column":5}},"72":{"start":{"line":482,"column":21},"end":{"line":482,"column":91}},"73":{"start":{"line":484,"column":6},"end":{"line":486,"column":7}},"74":{"start":{"line":485,"column":8},"end":{"line":485,"column":42}},"75":{"start":{"line":488,"column":6},"end":{"line":488,"column":12}},"76":{"start":{"line":491,"column":19},"end":{"line":491,"column":60}},"77":{"start":{"line":492,"column":4},"end":{"line":492,"column":38}},"78":{"start":{"line":506,"column":4},"end":{"line":510,"column":5}},"79":{"start":{"line":507,"column":6},"end":{"line":507,"column":66}},"80":{"start":{"line":509,"column":6},"end":{"line":509,"column":12}},"81":{"start":{"line":512,"column":22},"end":{"line":512,"column":42}},"82":{"start":{"line":513,"column":25},"end":{"line":513,"column":40}},"83":{"start":{"line":514,"column":23},"end":{"line":514,"column":101}},"84":{"start":{"line":515,"column":22},"end":{"line":515,"column":94}},"85":{"start":{"line":517,"column":4},"end":{"line":519,"column":5}},"86":{"start":{"line":518,"column":6},"end":{"line":518,"column":49}},"87":{"start":{"line":532,"column":4},"end":{"line":534,"column":5}},"88":{"start":{"line":533,"column":6},"end":{"line":533,"column":39}},"89":{"start":{"line":547,"column":4},"end":{"line":549,"column":5}},"90":{"start":{"line":548,"column":6},"end":{"line":548,"column":27}},"91":{"start":{"line":577,"column":4},"end":{"line":579,"column":5}},"92":{"start":{"line":578,"column":6},"end":{"line":578,"column":55}},"93":{"start":{"line":581,"column":4},"end":{"line":583,"column":5}},"94":{"start":{"line":582,"column":6},"end":{"line":582,"column":73}},"95":{"start":{"line":585,"column":4},"end":{"line":592,"column":5}},"96":{"start":{"line":586,"column":6},"end":{"line":591,"column":9}},"97":{"start":{"line":594,"column":4},"end":{"line":594,"column":13}},"98":{"start":{"line":624,"column":18},"end":{"line":624,"column":52}},"99":{"start":{"line":625,"column":4},"end":{"line":627,"column":5}},"100":{"start":{"line":626,"column":6},"end":{"line":626,"column":17}},"101":{"start":{"line":629,"column":4},"end":{"line":683,"column":5}},"102":{"start":{"line":630,"column":24},"end":{"line":632,"column":32}},"103":{"start":{"line":633,"column":30},"end":{"line":647,"column":7}},"104":{"start":{"line":642,"column":59},"end":{"line":645,"column":11}},"105":{"start":{"line":649,"column":6},"end":{"line":682,"column":7}},"106":{"start":{"line":650,"column":28},"end":{"line":675,"column":10}},"107":{"start":{"line":651,"column":34},"end":{"line":666,"column":11}},"108":{"start":{"line":668,"column":10},"end":{"line":670,"column":11}},"109":{"start":{"line":669,"column":12},"end":{"line":669,"column":24}},"110":{"start":{"line":672,"column":10},"end":{"line":674,"column":12}},"111":{"start":{"line":673,"column":12},"end":{"line":673,"column":67}},"112":{"start":{"line":677,"column":8},"end":{"line":679,"column":9}},"113":{"start":{"line":678,"column":10},"end":{"line":678,"column":28}},"114":{"start":{"line":681,"column":8},"end":{"line":681,"column":19}},"115":{"start":{"line":685,"column":4},"end":{"line":696,"column":5}},"116":{"start":{"line":686,"column":23},"end":{"line":686,"column":73}},"117":{"start":{"line":687,"column":6},"end":{"line":695,"column":7}},"118":{"start":{"line":688,"column":28},"end":{"line":688,"column":88}},"119":{"start":{"line":688,"column":49},"end":{"line":688,"column":87}},"120":{"start":{"line":690,"column":8},"end":{"line":692,"column":9}},"121":{"start":{"line":691,"column":10},"end":{"line":691,"column":28}},"122":{"start":{"line":694,"column":8},"end":{"line":694,"column":19}},"123":{"start":{"line":698,"column":4},"end":{"line":698,"column":15}},"124":{"start":{"line":722,"column":19},"end":{"line":722,"column":83}},"125":{"start":{"line":723,"column":23},"end":{"line":723,"column":65}},"126":{"start":{"line":724,"column":4},"end":{"line":726,"column":5}},"127":{"start":{"line":725,"column":6},"end":{"line":725,"column":18}},"128":{"start":{"line":728,"column":4},"end":{"line":736,"column":5}},"129":{"start":{"line":729,"column":6},"end":{"line":729,"column":33}},"130":{"start":{"line":731,"column":6},"end":{"line":733,"column":7}},"131":{"start":{"line":732,"column":8},"end":{"line":732,"column":44}},"132":{"start":{"line":735,"column":6},"end":{"line":735,"column":17}},"133":{"start":{"line":738,"column":4},"end":{"line":765,"column":5}},"134":{"start":{"line":739,"column":6},"end":{"line":751,"column":8}},"135":{"start":{"line":740,"column":8},"end":{"line":742,"column":9}},"136":{"start":{"line":741,"column":10},"end":{"line":741,"column":16}},"137":{"start":{"line":744,"column":22},"end":{"line":744,"column":78}},"138":{"start":{"line":746,"column":8},"end":{"line":750,"column":9}},"139":{"start":{"line":747,"column":10},"end":{"line":747,"column":58}},"140":{"start":{"line":749,"column":10},"end":{"line":749,"column":57}},"141":{"start":{"line":753,"column":6},"end":{"line":758,"column":7}},"142":{"start":{"line":757,"column":8},"end":{"line":757,"column":35}},"143":{"start":{"line":760,"column":6},"end":{"line":762,"column":7}},"144":{"start":{"line":761,"column":8},"end":{"line":761,"column":45}},"145":{"start":{"line":764,"column":6},"end":{"line":764,"column":17}},"146":{"start":{"line":767,"column":4},"end":{"line":767,"column":16}},"147":{"start":{"line":792,"column":19},"end":{"line":792,"column":83}},"148":{"start":{"line":793,"column":23},"end":{"line":793,"column":65}},"149":{"start":{"line":794,"column":4},"end":{"line":796,"column":5}},"150":{"start":{"line":795,"column":6},"end":{"line":795,"column":18}},"151":{"start":{"line":798,"column":4},"end":{"line":807,"column":5}},"152":{"start":{"line":799,"column":29},"end":{"line":799,"column":39}},"153":{"start":{"line":800,"column":6},"end":{"line":800,"column":33}},"154":{"start":{"line":802,"column":6},"end":{"line":804,"column":7}},"155":{"start":{"line":803,"column":8},"end":{"line":803,"column":54}},"156":{"start":{"line":806,"column":6},"end":{"line":806,"column":17}},"157":{"start":{"line":809,"column":4},"end":{"line":814,"column":5}},"158":{"start":{"line":810,"column":20},"end":{"line":810,"column":70}},"159":{"start":{"line":811,"column":6},"end":{"line":811,"column":44}},"160":{"start":{"line":813,"column":6},"end":{"line":813,"column":17}},"161":{"start":{"line":816,"column":4},"end":{"line":816,"column":16}},"162":{"start":{"line":849,"column":19},"end":{"line":849,"column":83}},"163":{"start":{"line":850,"column":23},"end":{"line":850,"column":68}},"164":{"start":{"line":852,"column":4},"end":{"line":860,"column":5}},"165":{"start":{"line":853,"column":6},"end":{"line":855,"column":7}},"166":{"start":{"line":854,"column":8},"end":{"line":854,"column":20}},"167":{"start":{"line":857,"column":6},"end":{"line":857,"column":33}},"168":{"start":{"line":859,"column":6},"end":{"line":859,"column":17}},"169":{"start":{"line":862,"column":4},"end":{"line":884,"column":5}},"170":{"start":{"line":863,"column":20},"end":{"line":863,"column":70}},"171":{"start":{"line":864,"column":6},"end":{"line":866,"column":7}},"172":{"start":{"line":865,"column":8},"end":{"line":865,"column":20}},"173":{"start":{"line":868,"column":6},"end":{"line":881,"column":7}},"174":{"start":{"line":869,"column":8},"end":{"line":869,"column":46}},"175":{"start":{"line":871,"column":24},"end":{"line":871,"column":51}},"176":{"start":{"line":872,"column":8},"end":{"line":874,"column":9}},"177":{"start":{"line":873,"column":10},"end":{"line":873,"column":22}},"178":{"start":{"line":878,"column":24},"end":{"line":878,"column":67}},"179":{"start":{"line":879,"column":8},"end":{"line":879,"column":43}},"180":{"start":{"line":880,"column":8},"end":{"line":880,"column":36}},"181":{"start":{"line":883,"column":6},"end":{"line":883,"column":17}},"182":{"start":{"line":886,"column":4},"end":{"line":886,"column":16}}},"fnMap":{"0":{"name":"(anonymous_0)","decl":{"start":{"line":15,"column":19},"end":{"line":15,"column":20}},"loc":{"start":{"line":15,"column":31},"end":{"line":15,"column":78}}},"1":{"name":"(anonymous_1)","decl":{"start":{"line":29,"column":29},"end":{"line":29,"column":30}},"loc":{"start":{"line":29,"column":57},"end":{"line":35,"column":1}}},"2":{"name":"(anonymous_2)","decl":{"start":{"line":30,"column":2},"end":{"line":30,"column":3}},"loc":{"start":{"line":30,"column":35},"end":{"line":33,"column":3}}},"3":{"name":"(anonymous_3)","decl":{"start":{"line":44,"column":33},"end":{"line":44,"column":34}},"loc":{"start":{"line":44,"column":52},"end":{"line":45,"column":48}}},"4":{"name":"(anonymous_4)","decl":{"start":{"line":45,"column":8},"end":{"line":45,"column":9}},"loc":{"start":{"line":45,"column":19},"end":{"line":45,"column":47}}},"5":{"name":"(anonymous_5)","decl":{"start":{"line":54,"column":29},"end":{"line":54,"column":30}},"loc":{"start":{"line":54,"column":53},"end":{"line":66,"column":1}}},"6":{"name":"(anonymous_6)","decl":{"start":{"line":56,"column":9},"end":{"line":56,"column":10}},"loc":{"start":{"line":56,"column":20},"end":{"line":56,"column":37}}},"7":{"name":"(anonymous_7)","decl":{"start":{"line":57,"column":10},"end":{"line":57,"column":11}},"loc":{"start":{"line":57,"column":21},"end":{"line":57,"column":37}}},"8":{"name":"(anonymous_8)","decl":{"start":{"line":64,"column":9},"end":{"line":64,"column":10}},"loc":{"start":{"line":64,"column":20},"end":{"line":64,"column":37}}},"9":{"name":"(anonymous_9)","decl":{"start":{"line":65,"column":10},"end":{"line":65,"column":11}},"loc":{"start":{"line":65,"column":21},"end":{"line":65,"column":37}}},"10":{"name":"(anonymous_10)","decl":{"start":{"line":79,"column":33},"end":{"line":79,"column":34}},"loc":{"start":{"line":79,"column":49},"end":{"line":82,"column":1}}},"11":{"name":"(anonymous_11)","decl":{"start":{"line":103,"column":38},"end":{"line":103,"column":39}},"loc":{"start":{"line":103,"column":78},"end":{"line":112,"column":1}}},"12":{"name":"(anonymous_12)","decl":{"start":{"line":104,"column":2},"end":{"line":104,"column":3}},"loc":{"start":{"line":104,"column":25},"end":{"line":111,"column":3}}},"13":{"name":"(anonymous_13)","decl":{"start":{"line":172,"column":2},"end":{"line":172,"column":13}},"loc":{"start":{"line":172,"column":25},"end":{"line":174,"column":3}}},"14":{"name":"(anonymous_14)","decl":{"start":{"line":186,"column":2},"end":{"line":186,"column":11}},"loc":{"start":{"line":186,"column":14},"end":{"line":188,"column":3}}},"15":{"name":"(anonymous_15)","decl":{"start":{"line":202,"column":2},"end":{"line":202,"column":13}},"loc":{"start":{"line":202,"column":55},"end":{"line":205,"column":3}}},"16":{"name":"(anonymous_16)","decl":{"start":{"line":204,"column":14},"end":{"line":204,"column":15}},"loc":{"start":{"line":204,"column":24},"end":{"line":204,"column":55}}},"17":{"name":"(anonymous_17)","decl":{"start":{"line":217,"column":2},"end":{"line":217,"column":20}},"loc":{"start":{"line":217,"column":27},"end":{"line":220,"column":3}}},"18":{"name":"(anonymous_18)","decl":{"start":{"line":219,"column":14},"end":{"line":219,"column":15}},"loc":{"start":{"line":219,"column":25},"end":{"line":219,"column":56}}},"19":{"name":"(anonymous_19)","decl":{"start":{"line":232,"column":2},"end":{"line":232,"column":23}},"loc":{"start":{"line":232,"column":39},"end":{"line":235,"column":3}}},"20":{"name":"(anonymous_20)","decl":{"start":{"line":234,"column":12},"end":{"line":234,"column":13}},"loc":{"start":{"line":234,"column":23},"end":{"line":234,"column":49}}},"21":{"name":"(anonymous_21)","decl":{"start":{"line":248,"column":2},"end":{"line":248,"column":18}},"loc":{"start":{"line":248,"column":36},"end":{"line":254,"column":3}}},"22":{"name":"(anonymous_22)","decl":{"start":{"line":251,"column":14},"end":{"line":251,"column":15}},"loc":{"start":{"line":252,"column":8},"end":{"line":252,"column":77}}},"23":{"name":"(anonymous_23)","decl":{"start":{"line":262,"column":2},"end":{"line":262,"column":21}},"loc":{"start":{"line":262,"column":33},"end":{"line":264,"column":3}}},"24":{"name":"(anonymous_24)","decl":{"start":{"line":278,"column":2},"end":{"line":278,"column":29}},"loc":{"start":{"line":278,"column":75},"end":{"line":300,"column":3}}},"25":{"name":"(anonymous_25)","decl":{"start":{"line":297,"column":6},"end":{"line":297,"column":7}},"loc":{"start":{"line":297,"column":32},"end":{"line":297,"column":83}}},"26":{"name":"(anonymous_26)","decl":{"start":{"line":312,"column":2},"end":{"line":312,"column":16}},"loc":{"start":{"line":312,"column":23},"end":{"line":314,"column":3}}},"27":{"name":"(anonymous_27)","decl":{"start":{"line":327,"column":2},"end":{"line":327,"column":15}},"loc":{"start":{"line":327,"column":33},"end":{"line":333,"column":3}}},"28":{"name":"(anonymous_28)","decl":{"start":{"line":347,"column":2},"end":{"line":347,"column":27}},"loc":{"start":{"line":347,"column":70},"end":{"line":357,"column":3}}},"29":{"name":"(anonymous_29)","decl":{"start":{"line":373,"column":2},"end":{"line":373,"column":20}},"loc":{"start":{"line":373,"column":39},"end":{"line":375,"column":3}}},"30":{"name":"(anonymous_30)","decl":{"start":{"line":374,"column":26},"end":{"line":374,"column":27}},"loc":{"start":{"line":374,"column":41},"end":{"line":374,"column":76}}},"31":{"name":"(anonymous_31)","decl":{"start":{"line":389,"column":2},"end":{"line":389,"column":20}},"loc":{"start":{"line":389,"column":50},"end":{"line":394,"column":3}}},"32":{"name":"(anonymous_32)","decl":{"start":{"line":390,"column":29},"end":{"line":390,"column":30}},"loc":{"start":{"line":390,"column":67},"end":{"line":393,"column":5}}},"33":{"name":"(anonymous_33)","decl":{"start":{"line":405,"column":2},"end":{"line":405,"column":19}},"loc":{"start":{"line":405,"column":26},"end":{"line":409,"column":3}}},"34":{"name":"(anonymous_34)","decl":{"start":{"line":422,"column":2},"end":{"line":422,"column":26}},"loc":{"start":{"line":422,"column":42},"end":{"line":432,"column":3}}},"35":{"name":"(anonymous_35)","decl":{"start":{"line":448,"column":2},"end":{"line":448,"column":21}},"loc":{"start":{"line":448,"column":39},"end":{"line":452,"column":3}}},"36":{"name":"(anonymous_36)","decl":{"start":{"line":451,"column":14},"end":{"line":451,"column":15}},"loc":{"start":{"line":451,"column":40},"end":{"line":451,"column":91}}},"37":{"name":"(anonymous_37)","decl":{"start":{"line":464,"column":2},"end":{"line":464,"column":16}},"loc":{"start":{"line":464,"column":30},"end":{"line":467,"column":3}}},"38":{"name":"(anonymous_38)","decl":{"start":{"line":480,"column":2},"end":{"line":480,"column":15}},"loc":{"start":{"line":480,"column":40},"end":{"line":493,"column":3}}},"39":{"name":"(anonymous_39)","decl":{"start":{"line":505,"column":2},"end":{"line":505,"column":21}},"loc":{"start":{"line":505,"column":39},"end":{"line":520,"column":3}}},"40":{"name":"(anonymous_40)","decl":{"start":{"line":531,"column":2},"end":{"line":531,"column":12}},"loc":{"start":{"line":531,"column":19},"end":{"line":535,"column":3}}},"41":{"name":"(anonymous_41)","decl":{"start":{"line":546,"column":2},"end":{"line":546,"column":31}},"loc":{"start":{"line":546,"column":38},"end":{"line":550,"column":3}}},"42":{"name":"(anonymous_42)","decl":{"start":{"line":576,"column":2},"end":{"line":576,"column":21}},"loc":{"start":{"line":576,"column":72},"end":{"line":595,"column":3}}},"43":{"name":"(anonymous_43)","decl":{"start":{"line":623,"column":2},"end":{"line":623,"column":19}},"loc":{"start":{"line":623,"column":40},"end":{"line":699,"column":3}}},"44":{"name":"(anonymous_44)","decl":{"start":{"line":642,"column":29},"end":{"line":642,"column":30}},"loc":{"start":{"line":642,"column":59},"end":{"line":645,"column":11}}},"45":{"name":"(anonymous_45)","decl":{"start":{"line":650,"column":39},"end":{"line":650,"column":40}},"loc":{"start":{"line":650,"column":49},"end":{"line":675,"column":9}}},"46":{"name":"(anonymous_46)","decl":{"start":{"line":672,"column":33},"end":{"line":672,"column":34}},"loc":{"start":{"line":673,"column":12},"end":{"line":673,"column":67}}},"47":{"name":"(anonymous_47)","decl":{"start":{"line":688,"column":39},"end":{"line":688,"column":40}},"loc":{"start":{"line":688,"column":49},"end":{"line":688,"column":87}}},"48":{"name":"(anonymous_48)","decl":{"start":{"line":721,"column":2},"end":{"line":721,"column":17}},"loc":{"start":{"line":721,"column":38},"end":{"line":768,"column":3}}},"49":{"name":"(anonymous_49)","decl":{"start":{"line":739,"column":29},"end":{"line":739,"column":30}},"loc":{"start":{"line":739,"column":67},"end":{"line":751,"column":7}}},"50":{"name":"(anonymous_50)","decl":{"start":{"line":791,"column":2},"end":{"line":791,"column":16}},"loc":{"start":{"line":791,"column":37},"end":{"line":817,"column":3}}},"51":{"name":"(anonymous_51)","decl":{"start":{"line":848,"column":2},"end":{"line":848,"column":18}},"loc":{"start":{"line":848,"column":39},"end":{"line":887,"column":3}}}},"branchMap":{"0":{"loc":{"start":{"line":15,"column":31},"end":{"line":15,"column":78}},"type":"cond-expr","locations":[{"start":{"line":15,"column":61},"end":{"line":15,"column":73}},{"start":{"line":15,"column":76},"end":{"line":15,"column":78}}]},"1":{"loc":{"start":{"line":44,"column":66},"end":{"line":44,"column":85}},"type":"binary-expr","locations":[{"start":{"line":44,"column":66},"end":{"line":44,"column":79}},{"start":{"line":44,"column":83},"end":{"line":44,"column":85}}]},"2":{"loc":{"start":{"line":54,"column":30},"end":{"line":54,"column":48}},"type":"default-arg","locations":[{"start":{"line":54,"column":46},"end":{"line":54,"column":48}}]},"3":{"loc":{"start":{"line":59,"column":2},"end":{"line":61,"column":3}},"type":"if","locations":[{"start":{"line":59,"column":2},"end":{"line":61,"column":3}},{"start":{"line":59,"column":2},"end":{"line":61,"column":3}}]},"4":{"loc":{"start":{"line":63,"column":9},"end":{"line":65,"column":44}},"type":"binary-expr","locations":[{"start":{"line":63,"column":9},"end":{"line":65,"column":38}},{"start":{"line":65,"column":42},"end":{"line":65,"column":44}}]},"5":{"loc":{"start":{"line":103,"column":51},"end":{"line":103,"column":73}},"type":"default-arg","locations":[{"start":{"line":103,"column":63},"end":{"line":103,"column":73}}]},"6":{"loc":{"start":{"line":202,"column":26},"end":{"line":202,"column":53}},"type":"default-arg","locations":[{"start":{"line":202,"column":40},"end":{"line":202,"column":53}}]},"7":{"loc":{"start":{"line":218,"column":22},"end":{"line":218,"column":44}},"type":"binary-expr","locations":[{"start":{"line":218,"column":22},"end":{"line":218,"column":38}},{"start":{"line":218,"column":42},"end":{"line":218,"column":44}}]},"8":{"loc":{"start":{"line":233,"column":11},"end":{"line":234,"column":58}},"type":"binary-expr","locations":[{"start":{"line":233,"column":11},"end":{"line":234,"column":50}},{"start":{"line":234,"column":54},"end":{"line":234,"column":58}}]},"9":{"loc":{"start":{"line":252,"column":8},"end":{"line":252,"column":77}},"type":"cond-expr","locations":[{"start":{"line":252,"column":22},"end":{"line":252,"column":70}},{"start":{"line":252,"column":73},"end":{"line":252,"column":77}}]},"10":{"loc":{"start":{"line":263,"column":11},"end":{"line":263,"column":70}},"type":"binary-expr","locations":[{"start":{"line":263,"column":11},"end":{"line":263,"column":40}},{"start":{"line":263,"column":44},"end":{"line":263,"column":70}}]},"11":{"loc":{"start":{"line":278,"column":41},"end":{"line":278,"column":73}},"type":"default-arg","locations":[{"start":{"line":278,"column":71},"end":{"line":278,"column":73}}]},"12":{"loc":{"start":{"line":278,"column":43},"end":{"line":278,"column":66}},"type":"default-arg","locations":[{"start":{"line":278,"column":61},"end":{"line":278,"column":66}}]},"13":{"loc":{"start":{"line":279,"column":24},"end":{"line":279,"column":62}},"type":"binary-expr","locations":[{"start":{"line":279,"column":24},"end":{"line":279,"column":54}},{"start":{"line":279,"column":58},"end":{"line":279,"column":62}}]},"14":{"loc":{"start":{"line":280,"column":4},"end":{"line":282,"column":5}},"type":"if","locations":[{"start":{"line":280,"column":4},"end":{"line":282,"column":5}},{"start":{"line":280,"column":4},"end":{"line":282,"column":5}}]},"15":{"loc":{"start":{"line":280,"column":8},"end":{"line":280,"column":86}},"type":"binary-expr","locations":[{"start":{"line":280,"column":8},"end":{"line":280,"column":19}},{"start":{"line":280,"column":23},"end":{"line":280,"column":39}},{"start":{"line":280,"column":43},"end":{"line":280,"column":86}}]},"16":{"loc":{"start":{"line":285,"column":4},"end":{"line":287,"column":5}},"type":"if","locations":[{"start":{"line":285,"column":4},"end":{"line":287,"column":5}},{"start":{"line":285,"column":4},"end":{"line":287,"column":5}}]},"17":{"loc":{"start":{"line":292,"column":4},"end":{"line":294,"column":5}},"type":"if","locations":[{"start":{"line":292,"column":4},"end":{"line":294,"column":5}},{"start":{"line":292,"column":4},"end":{"line":294,"column":5}}]},"18":{"loc":{"start":{"line":328,"column":4},"end":{"line":330,"column":5}},"type":"if","locations":[{"start":{"line":328,"column":4},"end":{"line":330,"column":5}},{"start":{"line":328,"column":4},"end":{"line":330,"column":5}}]},"19":{"loc":{"start":{"line":347,"column":51},"end":{"line":347,"column":68}},"type":"default-arg","locations":[{"start":{"line":347,"column":64},"end":{"line":347,"column":68}}]},"20":{"loc":{"start":{"line":348,"column":4},"end":{"line":350,"column":5}},"type":"if","locations":[{"start":{"line":348,"column":4},"end":{"line":350,"column":5}},{"start":{"line":348,"column":4},"end":{"line":350,"column":5}}]},"21":{"loc":{"start":{"line":424,"column":4},"end":{"line":426,"column":5}},"type":"if","locations":[{"start":{"line":424,"column":4},"end":{"line":426,"column":5}},{"start":{"line":424,"column":4},"end":{"line":426,"column":5}}]},"22":{"loc":{"start":{"line":481,"column":4},"end":{"line":489,"column":5}},"type":"if","locations":[{"start":{"line":481,"column":4},"end":{"line":489,"column":5}},{"start":{"line":481,"column":4},"end":{"line":489,"column":5}}]},"23":{"loc":{"start":{"line":484,"column":6},"end":{"line":486,"column":7}},"type":"if","locations":[{"start":{"line":484,"column":6},"end":{"line":486,"column":7}},{"start":{"line":484,"column":6},"end":{"line":486,"column":7}}]},"24":{"loc":{"start":{"line":506,"column":4},"end":{"line":510,"column":5}},"type":"if","locations":[{"start":{"line":506,"column":4},"end":{"line":510,"column":5}},{"start":{"line":506,"column":4},"end":{"line":510,"column":5}}]},"25":{"loc":{"start":{"line":514,"column":23},"end":{"line":514,"column":101}},"type":"cond-expr","locations":[{"start":{"line":514,"column":46},"end":{"line":514,"column":94}},{"start":{"line":514,"column":97},"end":{"line":514,"column":101}}]},"26":{"loc":{"start":{"line":515,"column":22},"end":{"line":515,"column":94}},"type":"cond-expr","locations":[{"start":{"line":515,"column":35},"end":{"line":515,"column":87}},{"start":{"line":515,"column":90},"end":{"line":515,"column":94}}]},"27":{"loc":{"start":{"line":517,"column":4},"end":{"line":519,"column":5}},"type":"if","locations":[{"start":{"line":517,"column":4},"end":{"line":519,"column":5}},{"start":{"line":517,"column":4},"end":{"line":519,"column":5}}]},"28":{"loc":{"start":{"line":532,"column":4},"end":{"line":534,"column":5}},"type":"if","locations":[{"start":{"line":532,"column":4},"end":{"line":534,"column":5}},{"start":{"line":532,"column":4},"end":{"line":534,"column":5}}]},"29":{"loc":{"start":{"line":547,"column":4},"end":{"line":549,"column":5}},"type":"if","locations":[{"start":{"line":547,"column":4},"end":{"line":549,"column":5}},{"start":{"line":547,"column":4},"end":{"line":549,"column":5}}]},"30":{"loc":{"start":{"line":547,"column":8},"end":{"line":547,"column":58}},"type":"binary-expr","locations":[{"start":{"line":547,"column":8},"end":{"line":547,"column":12}},{"start":{"line":547,"column":16},"end":{"line":547,"column":58}}]},"31":{"loc":{"start":{"line":576,"column":34},"end":{"line":576,"column":51}},"type":"default-arg","locations":[{"start":{"line":576,"column":49},"end":{"line":576,"column":51}}]},"32":{"loc":{"start":{"line":576,"column":53},"end":{"line":576,"column":70}},"type":"default-arg","locations":[{"start":{"line":576,"column":66},"end":{"line":576,"column":70}}]},"33":{"loc":{"start":{"line":577,"column":4},"end":{"line":579,"column":5}},"type":"if","locations":[{"start":{"line":577,"column":4},"end":{"line":579,"column":5}},{"start":{"line":577,"column":4},"end":{"line":579,"column":5}}]},"34":{"loc":{"start":{"line":581,"column":4},"end":{"line":583,"column":5}},"type":"if","locations":[{"start":{"line":581,"column":4},"end":{"line":583,"column":5}},{"start":{"line":581,"column":4},"end":{"line":583,"column":5}}]},"35":{"loc":{"start":{"line":585,"column":4},"end":{"line":592,"column":5}},"type":"if","locations":[{"start":{"line":585,"column":4},"end":{"line":592,"column":5}},{"start":{"line":585,"column":4},"end":{"line":592,"column":5}}]},"36":{"loc":{"start":{"line":585,"column":8},"end":{"line":585,"column":87}},"type":"binary-expr","locations":[{"start":{"line":585,"column":8},"end":{"line":585,"column":40}},{"start":{"line":585,"column":44},"end":{"line":585,"column":87}}]},"37":{"loc":{"start":{"line":625,"column":4},"end":{"line":627,"column":5}},"type":"if","locations":[{"start":{"line":625,"column":4},"end":{"line":627,"column":5}},{"start":{"line":625,"column":4},"end":{"line":627,"column":5}}]},"38":{"loc":{"start":{"line":629,"column":4},"end":{"line":683,"column":5}},"type":"if","locations":[{"start":{"line":629,"column":4},"end":{"line":683,"column":5}},{"start":{"line":629,"column":4},"end":{"line":683,"column":5}}]},"39":{"loc":{"start":{"line":630,"column":24},"end":{"line":632,"column":32}},"type":"cond-expr","locations":[{"start":{"line":631,"column":10},"end":{"line":631,"column":31}},{"start":{"line":632,"column":10},"end":{"line":632,"column":32}}]},"40":{"loc":{"start":{"line":630,"column":24},"end":{"line":630,"column":96}},"type":"binary-expr","locations":[{"start":{"line":630,"column":24},"end":{"line":630,"column":60}},{"start":{"line":630,"column":64},"end":{"line":630,"column":96}}]},"41":{"loc":{"start":{"line":634,"column":8},"end":{"line":645,"column":17}},"type":"cond-expr","locations":[{"start":{"line":635,"column":12},"end":{"line":641,"column":12}},{"start":{"line":642,"column":12},"end":{"line":645,"column":17}}]},"42":{"loc":{"start":{"line":649,"column":6},"end":{"line":682,"column":7}},"type":"if","locations":[{"start":{"line":649,"column":6},"end":{"line":682,"column":7}},{"start":{"line":649,"column":6},"end":{"line":682,"column":7}}]},"43":{"loc":{"start":{"line":652,"column":12},"end":{"line":664,"column":15}},"type":"cond-expr","locations":[{"start":{"line":653,"column":16},"end":{"line":659,"column":16}},{"start":{"line":660,"column":16},"end":{"line":664,"column":15}}]},"44":{"loc":{"start":{"line":668,"column":10},"end":{"line":670,"column":11}},"type":"if","locations":[{"start":{"line":668,"column":10},"end":{"line":670,"column":11}},{"start":{"line":668,"column":10},"end":{"line":670,"column":11}}]},"45":{"loc":{"start":{"line":677,"column":8},"end":{"line":679,"column":9}},"type":"if","locations":[{"start":{"line":677,"column":8},"end":{"line":679,"column":9}},{"start":{"line":677,"column":8},"end":{"line":679,"column":9}}]},"46":{"loc":{"start":{"line":685,"column":4},"end":{"line":696,"column":5}},"type":"if","locations":[{"start":{"line":685,"column":4},"end":{"line":696,"column":5}},{"start":{"line":685,"column":4},"end":{"line":696,"column":5}}]},"47":{"loc":{"start":{"line":687,"column":6},"end":{"line":695,"column":7}},"type":"if","locations":[{"start":{"line":687,"column":6},"end":{"line":695,"column":7}},{"start":{"line":687,"column":6},"end":{"line":695,"column":7}}]},"48":{"loc":{"start":{"line":690,"column":8},"end":{"line":692,"column":9}},"type":"if","locations":[{"start":{"line":690,"column":8},"end":{"line":692,"column":9}},{"start":{"line":690,"column":8},"end":{"line":692,"column":9}}]},"49":{"loc":{"start":{"line":722,"column":37},"end":{"line":722,"column":67}},"type":"binary-expr","locations":[{"start":{"line":722,"column":37},"end":{"line":722,"column":54}},{"start":{"line":722,"column":58},"end":{"line":722,"column":67}}]},"50":{"loc":{"start":{"line":724,"column":4},"end":{"line":726,"column":5}},"type":"if","locations":[{"start":{"line":724,"column":4},"end":{"line":726,"column":5}},{"start":{"line":724,"column":4},"end":{"line":726,"column":5}}]},"51":{"loc":{"start":{"line":728,"column":4},"end":{"line":736,"column":5}},"type":"if","locations":[{"start":{"line":728,"column":4},"end":{"line":736,"column":5}},{"start":{"line":728,"column":4},"end":{"line":736,"column":5}}]},"52":{"loc":{"start":{"line":731,"column":6},"end":{"line":733,"column":7}},"type":"if","locations":[{"start":{"line":731,"column":6},"end":{"line":733,"column":7}},{"start":{"line":731,"column":6},"end":{"line":733,"column":7}}]},"53":{"loc":{"start":{"line":738,"column":4},"end":{"line":765,"column":5}},"type":"if","locations":[{"start":{"line":738,"column":4},"end":{"line":765,"column":5}},{"start":{"line":738,"column":4},"end":{"line":765,"column":5}}]},"54":{"loc":{"start":{"line":740,"column":8},"end":{"line":742,"column":9}},"type":"if","locations":[{"start":{"line":740,"column":8},"end":{"line":742,"column":9}},{"start":{"line":740,"column":8},"end":{"line":742,"column":9}}]},"55":{"loc":{"start":{"line":746,"column":8},"end":{"line":750,"column":9}},"type":"if","locations":[{"start":{"line":746,"column":8},"end":{"line":750,"column":9}},{"start":{"line":748,"column":15},"end":{"line":750,"column":9}}]},"56":{"loc":{"start":{"line":753,"column":6},"end":{"line":758,"column":7}},"type":"if","locations":[{"start":{"line":753,"column":6},"end":{"line":758,"column":7}},{"start":{"line":753,"column":6},"end":{"line":758,"column":7}}]},"57":{"loc":{"start":{"line":754,"column":8},"end":{"line":755,"column":59}},"type":"binary-expr","locations":[{"start":{"line":754,"column":8},"end":{"line":754,"column":44}},{"start":{"line":755,"column":11},"end":{"line":755,"column":59}}]},"58":{"loc":{"start":{"line":760,"column":6},"end":{"line":762,"column":7}},"type":"if","locations":[{"start":{"line":760,"column":6},"end":{"line":762,"column":7}},{"start":{"line":760,"column":6},"end":{"line":762,"column":7}}]},"59":{"loc":{"start":{"line":792,"column":37},"end":{"line":792,"column":67}},"type":"binary-expr","locations":[{"start":{"line":792,"column":37},"end":{"line":792,"column":54}},{"start":{"line":792,"column":58},"end":{"line":792,"column":67}}]},"60":{"loc":{"start":{"line":794,"column":4},"end":{"line":796,"column":5}},"type":"if","locations":[{"start":{"line":794,"column":4},"end":{"line":796,"column":5}},{"start":{"line":794,"column":4},"end":{"line":796,"column":5}}]},"61":{"loc":{"start":{"line":798,"column":4},"end":{"line":807,"column":5}},"type":"if","locations":[{"start":{"line":798,"column":4},"end":{"line":807,"column":5}},{"start":{"line":798,"column":4},"end":{"line":807,"column":5}}]},"62":{"loc":{"start":{"line":802,"column":6},"end":{"line":804,"column":7}},"type":"if","locations":[{"start":{"line":802,"column":6},"end":{"line":804,"column":7}},{"start":{"line":802,"column":6},"end":{"line":804,"column":7}}]},"63":{"loc":{"start":{"line":809,"column":4},"end":{"line":814,"column":5}},"type":"if","locations":[{"start":{"line":809,"column":4},"end":{"line":814,"column":5}},{"start":{"line":809,"column":4},"end":{"line":814,"column":5}}]},"64":{"loc":{"start":{"line":849,"column":37},"end":{"line":849,"column":67}},"type":"binary-expr","locations":[{"start":{"line":849,"column":37},"end":{"line":849,"column":54}},{"start":{"line":849,"column":58},"end":{"line":849,"column":67}}]},"65":{"loc":{"start":{"line":850,"column":23},"end":{"line":850,"column":68}},"type":"binary-expr","locations":[{"start":{"line":850,"column":23},"end":{"line":850,"column":60}},{"start":{"line":850,"column":64},"end":{"line":850,"column":68}}]},"66":{"loc":{"start":{"line":852,"column":4},"end":{"line":860,"column":5}},"type":"if","locations":[{"start":{"line":852,"column":4},"end":{"line":860,"column":5}},{"start":{"line":852,"column":4},"end":{"line":860,"column":5}}]},"67":{"loc":{"start":{"line":853,"column":6},"end":{"line":855,"column":7}},"type":"if","locations":[{"start":{"line":853,"column":6},"end":{"line":855,"column":7}},{"start":{"line":853,"column":6},"end":{"line":855,"column":7}}]},"68":{"loc":{"start":{"line":862,"column":4},"end":{"line":884,"column":5}},"type":"if","locations":[{"start":{"line":862,"column":4},"end":{"line":884,"column":5}},{"start":{"line":862,"column":4},"end":{"line":884,"column":5}}]},"69":{"loc":{"start":{"line":864,"column":6},"end":{"line":866,"column":7}},"type":"if","locations":[{"start":{"line":864,"column":6},"end":{"line":866,"column":7}},{"start":{"line":864,"column":6},"end":{"line":866,"column":7}}]},"70":{"loc":{"start":{"line":868,"column":6},"end":{"line":881,"column":7}},"type":"if","locations":[{"start":{"line":868,"column":6},"end":{"line":881,"column":7}},{"start":{"line":870,"column":13},"end":{"line":881,"column":7}}]},"71":{"loc":{"start":{"line":872,"column":8},"end":{"line":874,"column":9}},"type":"if","locations":[{"start":{"line":872,"column":8},"end":{"line":874,"column":9}},{"start":{"line":872,"column":8},"end":{"line":874,"column":9}}]}},"s":{"0":1,"1":1,"2":1,"3":1,"4":199,"5":1,"6":27,"7":52,"8":1,"9":29,"10":30,"11":1,"12":12,"13":24,"14":16,"15":12,"16":8,"17":4,"18":1,"19":1,"20":1,"21":60,"22":1,"23":3,"24":17,"25":35,"26":17,"27":60,"28":43,"29":63,"30":271,"31":58,"32":104,"33":30,"34":33,"35":57,"36":8,"37":8,"38":4,"39":4,"40":4,"41":1,"42":3,"43":3,"44":3,"45":2,"46":1,"47":1,"48":40,"49":30,"50":2,"51":28,"52":27,"53":22,"54":5,"55":1,"56":2,"57":12,"58":24,"59":18,"60":16,"61":16,"62":16,"63":15,"64":1,"65":1,"66":1,"67":12,"68":15,"69":18,"70":18,"71":15,"72":3,"73":3,"74":2,"75":3,"76":12,"77":12,"78":12,"79":1,"80":1,"81":11,"82":11,"83":11,"84":11,"85":11,"86":2,"87":10,"88":9,"89":3,"90":2,"91":28,"92":2,"93":26,"94":23,"95":3,"96":2,"97":1,"98":22,"99":22,"100":2,"101":20,"102":14,"103":14,"104":26,"105":14,"106":13,"107":13,"108":13,"109":1,"110":12,"111":24,"112":13,"113":11,"114":2,"115":7,"116":6,"117":6,"118":5,"119":5,"120":5,"121":4,"122":1,"123":2,"124":12,"125":12,"126":12,"127":1,"128":11,"129":2,"130":2,"131":1,"132":2,"133":9,"134":8,"135":24,"136":2,"137":22,"138":22,"139":13,"140":9,"141":8,"142":1,"143":8,"144":1,"145":8,"146":1,"147":5,"148":5,"149":5,"150":1,"151":4,"152":2,"153":2,"154":2,"155":1,"156":2,"157":2,"158":1,"159":1,"160":1,"161":1,"162":8,"163":8,"164":8,"165":2,"166":1,"167":1,"168":1,"169":6,"170":5,"171":5,"172":1,"173":4,"174":2,"175":2,"176":2,"177":1,"178":1,"179":1,"180":1,"181":3,"182":1},"f":{"0":199,"1":27,"2":52,"3":29,"4":30,"5":12,"6":24,"7":16,"8":1,"9":1,"10":60,"11":3,"12":17,"13":35,"14":17,"15":60,"16":43,"17":63,"18":271,"19":58,"20":104,"21":30,"22":33,"23":57,"24":8,"25":1,"26":40,"27":30,"28":27,"29":1,"30":2,"31":12,"32":24,"33":18,"34":16,"35":12,"36":15,"37":18,"38":15,"39":12,"40":10,"41":3,"42":28,"43":22,"44":26,"45":13,"46":24,"47":5,"48":12,"49":24,"50":5,"51":8},"b":{"0":[172,27],"1":[29,1],"2":[1],"3":[8,4],"4":[4,3],"5":[1],"6":[60],"7":[63,1],"8":[58,19],"9":[32,1],"10":[57,57],"11":[3],"12":[3],"13":[8,4],"14":[4,4],"15":[8,4,4],"16":[1,3],"17":[2,1],"18":[2,28],"19":[0],"20":[22,5],"21":[15,1],"22":[3,12],"23":[2,1],"24":[1,11],"25":[1,10],"26":[10,1],"27":[2,9],"28":[9,1],"29":[2,1],"30":[3,3],"31":[1],"32":[5],"33":[2,26],"34":[23,3],"35":[2,1],"36":[3,2],"37":[2,20],"38":[14,6],"39":[13,1],"40":[14,13],"41":[1,13],"42":[13,1],"43":[1,12],"44":[1,12],"45":[11,2],"46":[6,1],"47":[5,1],"48":[4,1],"49":[12,1],"50":[1,11],"51":[2,9],"52":[1,1],"53":[8,1],"54":[2,22],"55":[13,9],"56":[1,7],"57":[8,1],"58":[1,7],"59":[5,1],"60":[1,4],"61":[2,2],"62":[1,1],"63":[1,1],"64":[8,1],"65":[8,5],"66":[2,6],"67":[1,1],"68":[5,1],"69":[1,4],"70":[2,2],"71":[1,1]}}
,"/Users/cgokey/Developer/nasa/kms/serverless/src/shared/invokeMetadataCorrectionDelegate.js": {"path":"/Users/cgokey/Developer/nasa/kms/serverless/src/shared/invokeMetadataCorrectionDelegate.js","statementMap":{"0":{"start":{"line":8,"column":31},"end":{"line":14,"column":1}},"1":{"start":{"line":9,"column":2},"end":{"line":13,"column":8}},"2":{"start":{"line":16,"column":28},"end":{"line":25,"column":2}},"3":{"start":{"line":16,"column":50},"end":{"line":25,"column":1}},"4":{"start":{"line":27,"column":34},"end":{"line":28,"column":57}},"5":{"start":{"line":27,"column":58},"end":{"line":28,"column":57}},"6":{"start":{"line":28,"column":19},"end":{"line":28,"column":56}},"7":{"start":{"line":30,"column":29},"end":{"line":39,"column":1}},"8":{"start":{"line":31,"column":27},"end":{"line":31,"column":79}},"9":{"start":{"line":32,"column":27},"end":{"line":32,"column":79}},"10":{"start":{"line":34,"column":2},"end":{"line":38,"column":3}},"11":{"start":{"line":41,"column":29},"end":{"line":61,"column":1}},"12":{"start":{"line":42,"column":2},"end":{"line":60,"column":8}},"13":{"start":{"line":44,"column":32},"end":{"line":44,"column":63}},"14":{"start":{"line":46,"column":8},"end":{"line":48,"column":9}},"15":{"start":{"line":47,"column":10},"end":{"line":47,"column":21}},"16":{"start":{"line":50,"column":8},"end":{"line":56,"column":10}},"17":{"start":{"line":58,"column":8},"end":{"line":58,"column":20}},"18":{"start":{"line":87,"column":48},"end":{"line":110,"column":1}},"19":{"start":{"line":91,"column":35},"end":{"line":94,"column":3}},"20":{"start":{"line":96,"column":2},"end":{"line":109,"column":3}},"21":{"start":{"line":98,"column":6},"end":{"line":98,"column":66}},"22":{"start":{"line":100,"column":6},"end":{"line":100,"column":71}},"23":{"start":{"line":102,"column":6},"end":{"line":102,"column":70}},"24":{"start":{"line":104,"column":6},"end":{"line":104,"column":69}},"25":{"start":{"line":106,"column":6},"end":{"line":106,"column":68}},"26":{"start":{"line":108,"column":6},"end":{"line":108,"column":99}}},"fnMap":{"0":{"name":"(anonymous_0)","decl":{"start":{"line":8,"column":31},"end":{"line":8,"column":32}},"loc":{"start":{"line":9,"column":2},"end":{"line":13,"column":8}}},"1":{"name":"(anonymous_1)","decl":{"start":{"line":16,"column":28},"end":{"line":16,"column":29}},"loc":{"start":{"line":16,"column":50},"end":{"line":25,"column":1}}},"2":{"name":"(anonymous_2)","decl":{"start":{"line":27,"column":34},"end":{"line":27,"column":35}},"loc":{"start":{"line":27,"column":58},"end":{"line":28,"column":57}}},"3":{"name":"(anonymous_3)","decl":{"start":{"line":28,"column":8},"end":{"line":28,"column":9}},"loc":{"start":{"line":28,"column":19},"end":{"line":28,"column":56}}},"4":{"name":"(anonymous_4)","decl":{"start":{"line":30,"column":29},"end":{"line":30,"column":30}},"loc":{"start":{"line":30,"column":50},"end":{"line":39,"column":1}}},"5":{"name":"(anonymous_5)","decl":{"start":{"line":41,"column":29},"end":{"line":41,"column":30}},"loc":{"start":{"line":42,"column":2},"end":{"line":60,"column":8}}},"6":{"name":"(anonymous_6)","decl":{"start":{"line":44,"column":11},"end":{"line":44,"column":12}},"loc":{"start":{"line":44,"column":32},"end":{"line":44,"column":63}}},"7":{"name":"(anonymous_7)","decl":{"start":{"line":45,"column":14},"end":{"line":45,"column":15}},"loc":{"start":{"line":45,"column":30},"end":{"line":59,"column":7}}},"8":{"name":"(anonymous_8)","decl":{"start":{"line":87,"column":48},"end":{"line":87,"column":53}},"loc":{"start":{"line":90,"column":6},"end":{"line":110,"column":1}}}},"branchMap":{"0":{"loc":{"start":{"line":9,"column":2},"end":{"line":13,"column":8}},"type":"cond-expr","locations":[{"start":{"line":12,"column":6},"end":{"line":12,"column":19}},{"start":{"line":13,"column":6},"end":{"line":13,"column":8}}]},"1":{"loc":{"start":{"line":9,"column":2},"end":{"line":11,"column":34}},"type":"binary-expr","locations":[{"start":{"line":9,"column":2},"end":{"line":9,"column":15}},{"start":{"line":10,"column":5},"end":{"line":10,"column":38}},{"start":{"line":11,"column":5},"end":{"line":11,"column":34}}]},"2":{"loc":{"start":{"line":16,"column":29},"end":{"line":16,"column":44}},"type":"default-arg","locations":[{"start":{"line":16,"column":42},"end":{"line":16,"column":44}}]},"3":{"loc":{"start":{"line":27,"column":35},"end":{"line":27,"column":53}},"type":"default-arg","locations":[{"start":{"line":27,"column":51},"end":{"line":27,"column":53}}]},"4":{"loc":{"start":{"line":28,"column":26},"end":{"line":28,"column":37}},"type":"binary-expr","locations":[{"start":{"line":28,"column":26},"end":{"line":28,"column":31}},{"start":{"line":28,"column":35},"end":{"line":28,"column":37}}]},"5":{"loc":{"start":{"line":30,"column":30},"end":{"line":30,"column":45}},"type":"default-arg","locations":[{"start":{"line":30,"column":43},"end":{"line":30,"column":45}}]},"6":{"loc":{"start":{"line":31,"column":34},"end":{"line":31,"column":57}},"type":"binary-expr","locations":[{"start":{"line":31,"column":34},"end":{"line":31,"column":51}},{"start":{"line":31,"column":55},"end":{"line":31,"column":57}}]},"7":{"loc":{"start":{"line":32,"column":34},"end":{"line":32,"column":57}},"type":"binary-expr","locations":[{"start":{"line":32,"column":34},"end":{"line":32,"column":51}},{"start":{"line":32,"column":55},"end":{"line":32,"column":57}}]},"8":{"loc":{"start":{"line":35,"column":4},"end":{"line":37,"column":62}},"type":"binary-expr","locations":[{"start":{"line":35,"column":4},"end":{"line":35,"column":40}},{"start":{"line":36,"column":7},"end":{"line":36,"column":37}},{"start":{"line":37,"column":7},"end":{"line":37,"column":62}}]},"9":{"loc":{"start":{"line":41,"column":30},"end":{"line":41,"column":46}},"type":"default-arg","locations":[{"start":{"line":41,"column":44},"end":{"line":41,"column":46}}]},"10":{"loc":{"start":{"line":42,"column":2},"end":{"line":60,"column":8}},"type":"cond-expr","locations":[{"start":{"line":43,"column":6},"end":{"line":59,"column":8}},{"start":{"line":60,"column":6},"end":{"line":60,"column":8}}]},"11":{"loc":{"start":{"line":44,"column":12},"end":{"line":44,"column":27}},"type":"default-arg","locations":[{"start":{"line":44,"column":25},"end":{"line":44,"column":27}}]},"12":{"loc":{"start":{"line":46,"column":8},"end":{"line":48,"column":9}},"type":"if","locations":[{"start":{"line":46,"column":8},"end":{"line":48,"column":9}},{"start":{"line":46,"column":8},"end":{"line":48,"column":9}}]},"13":{"loc":{"start":{"line":96,"column":2},"end":{"line":109,"column":3}},"type":"switch","locations":[{"start":{"line":97,"column":4},"end":{"line":98,"column":66}},{"start":{"line":99,"column":4},"end":{"line":100,"column":71}},{"start":{"line":101,"column":4},"end":{"line":102,"column":70}},{"start":{"line":103,"column":4},"end":{"line":104,"column":69}},{"start":{"line":105,"column":4},"end":{"line":106,"column":68}},{"start":{"line":107,"column":4},"end":{"line":108,"column":99}}]}},"s":{"0":1,"1":22,"2":1,"3":11,"4":1,"5":3,"6":4,"7":1,"8":11,"9":11,"10":11,"11":1,"12":18,"13":11,"14":11,"15":9,"16":2,"17":2,"18":1,"19":18,"20":18,"21":8,"22":1,"23":1,"24":6,"25":1,"26":1},"f":{"0":22,"1":11,"2":3,"3":4,"4":11,"5":18,"6":11,"7":11,"8":18},"b":{"0":[16,6],"1":[22,19,18],"2":[0],"3":[0],"4":[4,2],"5":[0],"6":[11,3],"7":[11,4],"8":[11,4,3],"9":[6],"10":[17,1],"11":[1],"12":[9,2],"13":[8,1,1,6,1,1]}}
}
